<?xml version="1.0" encoding="UTF-8"?>
<testng-results skipped="0" failed="0" ignored="0" total="1" passed="1">
  <reporter-output>
  </reporter-output>
  <suite name="Suite" duration-ms="24763" started-at="2019-01-26T06:32:24Z" finished-at="2019-01-26T06:32:49Z">
    <groups>
    </groups>
    <test name="Test" duration-ms="24763" started-at="2019-01-26T06:32:24Z" finished-at="2019-01-26T06:32:49Z">
      <class name="org.test.login.Facebook">
        <test-method status="PASS" signature="beforeClass(java.lang.String, java.lang.String)[pri:0, instance:org.test.login.Facebook@5f375618]" name="beforeClass" duration-ms="24685" started-at="2019-01-26T06:32:24Z" finished-at="2019-01-26T06:32:49Z">
          <params>
            <param index="0">
              <value>
                <![CDATA[Prasana@gmailcom]]>
              </value>
            </param>
            <param index="1">
              <value>
                <![CDATA[hello123]]>
              </value>
            </param>
          </params>
          <reporter-output>
          </reporter-output>
        </test-method> <!-- beforeClass -->
      </class> <!-- org.test.login.Facebook -->
    </test> <!-- Test -->
  </suite> <!-- Suite -->
</testng-results>
